# JRE version: OpenJDK Runtime Environment Temurin-17.0.2+8 (17.0.2+8) (build 17.0.2+8)
# Java VM: OpenJDK 64-Bit Server VM Temurin-17.0.2+8 (17.0.2+8, mixed mode, emulated-client, tiered, compressed oops, compressed class ptrs, g1 gc, windows-amd64)
GC Precious Log:
 CPUs: 12 total, 12 available
 Memory: 32599M
 Large Page Support: Disabled
 NUMA Support: Disabled
 Compressed Oops: Enabled (Zero based)
 Heap Region Size: 4M
 Heap Min Capacity: 8M
 Heap Initial Capacity: 512M
 Heap Max Capacity: 8152M
 Pre-touch: Disabled
 Parallel Workers: 10
 Concurrent Workers: 3
 Concurrent Refinement Workers: 10
 Periodic GC: Disabled
Heap:
 garbage-first heap   total 233472K, used 125986K [0x0000000602800000, 0x0000000800000000)
  region size 4096K, 12 young (49152K), 2 survivors (8192K)
 Metaspace       used 70727K, committed 71744K, reserved 1114112K
  class space    used 9498K, committed 9984K, reserved 1048576K
GC Heap History (20 events):
Event: 2751.087 GC heap before
{Heap before GC invocations=104 (full 18):
 garbage-first heap   total 192512K, used 153027K [0x0000000602800000, 0x0000000800000000)
  region size 4096K, 20 young (81920K), 0 survivors (0K)
 Metaspace       used 70157K, committed 71104K, reserved 1114112K
  class space    used 9436K, committed 9920K, reserved 1048576K
}
Event: 2751.091 GC heap after
{Heap after GC invocations=105 (full 18):
 garbage-first heap   total 192512K, used 76245K [0x0000000602800000, 0x0000000800000000)
  region size 4096K, 2 young (8192K), 2 survivors (8192K)
 Metaspace       used 70157K, committed 71104K, reserved 1114112K
  class space    used 9436K, committed 9920K, reserved 1048576K
}
Event: 2751.385 GC heap before
{Heap before GC invocations=105 (full 18):
 garbage-first heap   total 192512K, used 145877K [0x0000000602800000, 0x0000000800000000)
  region size 4096K, 20 young (81920K), 2 survivors (8192K)
 Metaspace       used 70157K, committed 71104K, reserved 1114112K
  class space    used 9436K, committed 9920K, reserved 1048576K
}
Event: 2751.392 GC heap after
{Heap after GC invocations=106 (full 18):
 garbage-first heap   total 192512K, used 82064K [0x0000000602800000, 0x0000000800000000)
  region size 4096K, 3 young (12288K), 3 survivors (12288K)
 Metaspace       used 70157K, committed 71104K, reserved 1114112K
  class space    used 9436K, committed 9920K, reserved 1048576K
}
Event: 2751.977 GC heap before
{Heap before GC invocations=106 (full 18):
 garbage-first heap   total 192512K, used 147600K [0x0000000602800000, 0x0000000800000000)
  region size 4096K, 20 young (81920K), 3 survivors (12288K)
 Metaspace       used 70157K, committed 71104K, reserved 1114112K
  class space    used 9436K, committed 9920K, reserved 1048576K
}
Event: 2751.981 GC heap after
{Heap after GC invocations=107 (full 18):
 garbage-first heap   total 192512K, used 77957K [0x0000000602800000, 0x0000000800000000)
  region size 4096K, 1 young (4096K), 1 survivors (4096K)
 Metaspace       used 70157K, committed 71104K, reserved 1114112K
  class space    used 9436K, committed 9920K, reserved 1048576K
}
Event: 2845.913 GC heap before
{Heap before GC invocations=107 (full 18):
 garbage-first heap   total 192512K, used 94341K [0x0000000602800000, 0x0000000800000000)
  region size 4096K, 6 young (24576K), 1 survivors (4096K)
 Metaspace       used 70265K, committed 71232K, reserved 1114112K
  class space    used 9450K, committed 9920K, reserved 1048576K
}
Event: 2845.987 GC heap after
{Heap after GC invocations=108 (full 19):
 garbage-first heap   total 192512K, used 73725K [0x0000000602800000, 0x0000000800000000)
  region size 4096K, 0 young (0K), 0 survivors (0K)
 Metaspace       used 70232K, committed 71232K, reserved 1114112K
  class space    used 9443K, committed 9920K, reserved 1048576K
}
Event: 2847.015 GC heap before
{Heap before GC invocations=108 (full 19):
 garbage-first heap   total 192512K, used 151549K [0x0000000602800000, 0x0000000800000000)
  region size 4096K, 19 young (77824K), 0 survivors (0K)
 Metaspace       used 70472K, committed 71488K, reserved 1114112K
  class space    used 9475K, committed 9984K, reserved 1048576K
}
Event: 2847.018 GC heap after
{Heap after GC invocations=109 (full 19):
 garbage-first heap   total 192512K, used 78838K [0x0000000602800000, 0x0000000800000000)
  region size 4096K, 2 young (8192K), 2 survivors (8192K)
 Metaspace       used 70472K, committed 71488K, reserved 1114112K
  class space    used 9475K, committed 9984K, reserved 1048576K
}
Event: 2847.371 GC heap before
{Heap before GC invocations=110 (full 19):
 garbage-first heap   total 192512K, used 144374K [0x0000000602800000, 0x0000000800000000)
  region size 4096K, 19 young (77824K), 2 survivors (8192K)
 Metaspace       used 70472K, committed 71488K, reserved 1114112K
  class space    used 9475K, committed 9984K, reserved 1048576K
}
Event: 2847.376 GC heap after
{Heap after GC invocations=111 (full 19):
 garbage-first heap   total 192512K, used 83748K [0x0000000602800000, 0x0000000800000000)
  region size 4096K, 3 young (12288K), 3 survivors (12288K)
 Metaspace       used 70472K, committed 71488K, reserved 1114112K
  class space    used 9475K, committed 9984K, reserved 1048576K
}
Event: 2847.629 GC heap before
{Heap before GC invocations=111 (full 19):
 garbage-first heap   total 192512K, used 141092K [0x0000000602800000, 0x0000000800000000)
  region size 4096K, 18 young (73728K), 3 survivors (12288K)
 Metaspace       used 70472K, committed 71488K, reserved 1114112K
  class space    used 9475K, committed 9984K, reserved 1048576K
}
Event: 2847.636 GC heap after
{Heap after GC invocations=112 (full 19):
 garbage-first heap   total 233472K, used 86891K [0x0000000602800000, 0x0000000800000000)
  region size 4096K, 3 young (12288K), 3 survivors (12288K)
 Metaspace       used 70472K, committed 71488K, reserved 1114112K
  class space    used 9475K, committed 9984K, reserved 1048576K
}
Event: 3213.032 GC heap before
{Heap before GC invocations=112 (full 19):
 garbage-first heap   total 233472K, used 131947K [0x0000000602800000, 0x0000000800000000)
  region size 4096K, 15 young (61440K), 3 survivors (12288K)
 Metaspace       used 70580K, committed 71616K, reserved 1114112K
  class space    used 9484K, committed 9984K, reserved 1048576K
}
Event: 3213.123 GC heap after
{Heap after GC invocations=113 (full 20):
 garbage-first heap   total 233472K, used 77299K [0x0000000602800000, 0x0000000800000000)
  region size 4096K, 0 young (0K), 0 survivors (0K)
 Metaspace       used 70580K, committed 71616K, reserved 1114112K
  class space    used 9484K, committed 9984K, reserved 1048576K
}
Event: 3214.507 GC heap before
{Heap before GC invocations=113 (full 20):
 garbage-first heap   total 233472K, used 179699K [0x0000000602800000, 0x0000000800000000)
  region size 4096K, 26 young (106496K), 0 survivors (0K)
 Metaspace       used 70723K, committed 71744K, reserved 1114112K
  class space    used 9497K, committed 9984K, reserved 1048576K
}
Event: 3214.514 GC heap after
{Heap after GC invocations=114 (full 20):
 garbage-first heap   total 233472K, used 87743K [0x0000000602800000, 0x0000000800000000)
  region size 4096K, 3 young (12288K), 3 survivors (12288K)
 Metaspace       used 70723K, committed 71744K, reserved 1114112K
  class space    used 9497K, committed 9984K, reserved 1048576K
}
Event: 3214.935 GC heap before
{Heap before GC invocations=114 (full 20):
 garbage-first heap   total 233472K, used 181951K [0x0000000602800000, 0x0000000800000000)
  region size 4096K, 26 young (106496K), 3 survivors (12288K)
 Metaspace       used 70723K, committed 71744K, reserved 1114112K
  class space    used 9497K, committed 9984K, reserved 1048576K
}
Event: 3214.942 GC heap after
{Heap after GC invocations=115 (full 20):
 garbage-first heap   total 233472K, used 89122K [0x0000000602800000, 0x0000000800000000)
  region size 4096K, 2 young (8192K), 2 survivors (8192K)
 Metaspace       used 70723K, committed 71744K, reserved 1114112K
  class space    used 9497K, committed 9984K, reserved 1048576K
}

